#
# A fatal error has been detected by the Java Runtime Environment:
#
#  EXCEPTION_ACCESS_VIOLATION (0xc0000005) at pc=0x00000000580f8d85, pid=2280, tid=13848
#
# JRE version: Java(TM) SE Runtime Environment (8.0_77-b03) (build 1.8.0_77-b03)
# Java VM: Java HotSpot(TM) 64-Bit Server VM (25.77-b03 mixed mode windows-amd64 compressed oops)
# Problematic frame:
# V  [jvm.dll+0x128d85]
#
# Failed to write core dump. Minidumps are not enabled by default on client versions of Windows
#
# If you would like to submit a bug report, please visit:
#   http://bugreport.java.com/bugreport/crash.jsp
#

---------------  T H R E A D  ---------------

Current thread (0x00000000171f9800):  JavaThread "JDWP Transport Listener: dt_socket" daemon [_thread_in_vm, id=13848, stack(0x0000000018840000,0x0000000018940000)]

siginfo: ExceptionCode=0xc0000005, reading address 0xffffffffffffffff

Registers:
RAX=0x000000001893f601, RBX=0x00000000171f9800, RCX=0x6572674572617472, RDX=0x0000000000000000
RSP=0x000000001893f5e0, RBP=0x6572674572617472, RSI=0x000000001893f6f8, RDI=0x000000000253a520
R8 =0x00000000171f9800, R9 =0x0000000000000000, R10=0x0000000000000000, R11=0x0000000000000064
R12=0x0000000000000000, R13=0x0000000017202968, R14=0x0000000000000000, R15=0x0000000000000000
RIP=0x00000000580f8d85, EFLAGS=0x0000000000010206

Top of Stack: (sp=0x000000001893f5e0)
0x000000001893f5e0:   00000000171f9800 00000000171f9800
0x000000001893f5f0:   000000001893f6a8 00000000582fe33b
0x000000001893f600:   00000000171f9800 000000005831ab9d
0x000000001893f610:   0000000000000000 0000000057d69155
0x000000001893f620:   0000000018e9a898 0000000057d7291e
0x000000001893f630:   00000000171f9800 0000000000000000
0x000000001893f640:   0000000000000000 0000000000000000
0x000000001893f650:   6572674572617472 0000000057d71a15
0x000000001893f660:   000000001893f6f8 000000001893f6d0
0x000000001893f670:   0000000000000001 0000000018e9a898
0x000000001893f680:   6572674572617472 0000000057d553b3
0x000000001893f690:   000000001893f7c0 0000000000000001
0x000000001893f6a0:   0000000000000001 0000000018e9a898
0x000000001893f6b0:   0000000000000009 0000000000000000
0x000000001893f6c0:   0000000000000000 0000000000000000
0x000000001893f6d0:   0000000000000001 0000000057d55571 

Instructions: (pc=0x00000000580f8d85)
0x00000000580f8d65:   cc cc cc cc cc cc cc cc cc cc cc 48 83 ec 28 48
0x00000000580f8d75:   85 c9 75 07 33 c0 48 83 c4 28 c3 48 89 5c 24 20
0x00000000580f8d85:   48 8b 19 48 85 db 74 20 48 83 fb 37 74 1a 48 8b
0x00000000580f8d95:   13 48 8b cb ff 52 10 84 c0 74 0d 48 8b c3 48 8b 


Register to memory mapping:

RAX=0x000000001893f601 is pointing into the stack for thread: 0x00000000171f9800
RBX=0x00000000171f9800 is a thread
RCX=0x6572674572617472 is an unknown value
RDX=0x0000000000000000 is an unknown value
RSP=0x000000001893f5e0 is pointing into the stack for thread: 0x00000000171f9800
RBP=0x6572674572617472 is an unknown value
RSI=0x000000001893f6f8 is pointing into the stack for thread: 0x00000000171f9800
RDI=0x000000000253a520 is an unknown value
R8 =0x00000000171f9800 is a thread
R9 =0x0000000000000000 is an unknown value
R10=0x0000000000000000 is an unknown value
R11=0x0000000000000064 is an unknown value
R12=0x0000000000000000 is an unknown value
R13=0x0000000017202968 is an unknown value
R14=0x0000000000000000 is an unknown value
R15=0x0000000000000000 is an unknown value


Stack: [0x0000000018840000,0x0000000018940000],  sp=0x000000001893f5e0,  free space=1021k
Native frames: (J=compiled Java code, j=interpreted, Vv=VM code, C=native code)
V  [jvm.dll+0x128d85]
V  [jvm.dll+0x34ab9d]
C  [jdwp.dll+0x21a15]
C  [jdwp.dll+0x53b3]
C  [jdwp.dll+0x5571]
C  [jdwp.dll+0xf0a8]
C  [jdwp.dll+0x1f2d5]
C  [jdwp.dll+0x1f4aa]
V  [jvm.dll+0x1bba58]
V  [jvm.dll+0x243434]
V  [jvm.dll+0x29a27a]
C  [msvcr100.dll+0x21d9f]
C  [msvcr100.dll+0x21e3b]
C  [KERNEL32.DLL+0x18102]
C  [ntdll.dll+0x5c5b4]


---------------  P R O C E S S  ---------------

Java Threads: ( => current thread )
  0x0000000018e91000 JavaThread "Service Thread" daemon [_thread_blocked, id=13044, stack(0x0000000019240000,0x0000000019340000)]
  0x000000001722e800 JavaThread "C1 CompilerThread2" daemon [_thread_blocked, id=11176, stack(0x0000000018d40000,0x0000000018e40000)]
  0x000000001721c800 JavaThread "C2 CompilerThread1" daemon [_thread_blocked, id=2732, stack(0x0000000018c40000,0x0000000018d40000)]
  0x0000000017223800 JavaThread "C2 CompilerThread0" daemon [_thread_blocked, id=15128, stack(0x0000000018b40000,0x0000000018c40000)]
  0x000000001720b800 JavaThread "JDWP Command Reader" daemon [_thread_in_native, id=15964, stack(0x0000000018a40000,0x0000000018b40000)]
  0x0000000017205800 JavaThread "JDWP Event Helper Thread" daemon [_thread_blocked, id=12348, stack(0x0000000018940000,0x0000000018a40000)]
=>0x00000000171f9800 JavaThread "JDWP Transport Listener: dt_socket" daemon [_thread_in_vm, id=13848, stack(0x0000000018840000,0x0000000018940000)]
  0x00000000171ed000 JavaThread "Attach Listener" daemon [_thread_blocked, id=11072, stack(0x0000000018740000,0x0000000018840000)]
  0x00000000171ec000 JavaThread "Signal Dispatcher" daemon [_thread_blocked, id=5572, stack(0x0000000018640000,0x0000000018740000)]
  0x000000000263d800 JavaThread "Finalizer" daemon [_thread_blocked, id=3372, stack(0x0000000018440000,0x0000000018540000)]
  0x0000000002632000 JavaThread "Reference Handler" daemon [_thread_blocked, id=10516, stack(0x0000000018340000,0x0000000018440000)]
  0x0000000002542800 JavaThread "main" [_thread_blocked, id=3924, stack(0x00000000023d0000,0x00000000024d0000)]

Other Threads:
  0x00000000171b7000 VMThread [stack: 0x0000000018240000,0x0000000018340000] [id=15368]
  0x0000000018e9d000 WatcherThread [stack: 0x0000000019340000,0x0000000019440000] [id=3120]

VM state:not at safepoint (normal execution)

VM Mutex/Monitor currently owned by a thread: None

Heap:
 PSYoungGen      total 38400K, used 2664K [0x00000000d5980000, 0x00000000d8400000, 0x0000000100000000)
  eden space 33280K, 8% used [0x00000000d5980000,0x00000000d5c1a1d0,0x00000000d7a00000)
  from space 5120K, 0% used [0x00000000d7f00000,0x00000000d7f00000,0x00000000d8400000)
  to   space 5120K, 0% used [0x00000000d7a00000,0x00000000d7a00000,0x00000000d7f00000)
 ParOldGen       total 87552K, used 0K [0x0000000080c00000, 0x0000000086180000, 0x00000000d5980000)
  object space 87552K, 0% used [0x0000000080c00000,0x0000000080c00000,0x0000000086180000)
 Metaspace       used 3580K, capacity 4614K, committed 4864K, reserved 1056768K
  class space    used 407K, capacity 430K, committed 512K, reserved 1048576K

Card table byte_map: [0x0000000011a00000,0x0000000011e00000] byte_map_base: 0x00000000115fa000

Marking Bits: (ParMarkBitMap*) 0x00000000587e0600
 Begin Bits: [0x00000000124b0000, 0x0000000014480000)
 End Bits:   [0x0000000014480000, 0x0000000016450000)

Polling page: 0x0000000000c10000

CodeCache: size=245760Kb used=1142Kb max_used=1142Kb free=244617Kb
 bounds [0x0000000002640000, 0x00000000028b0000, 0x0000000011640000]
 total_blobs=282 nmethods=45 adapters=158
 compilation: enabled

Compilation events (10 events):
Event: 0.141 Thread 0x000000001722e800   41  s    1       java.util.Vector::size (5 bytes)
Event: 0.141 Thread 0x000000001722e800 nmethod 41 0x0000000002759990 code [0x0000000002759ae0, 0x0000000002759d50]
Event: 0.141 Thread 0x000000001722e800   42       3       java.lang.StringBuilder::toString (17 bytes)
Event: 0.141 Thread 0x000000001722e800 nmethod 42 0x0000000002759dd0 code [0x0000000002759f40, 0x000000000275a148]
Event: 0.143 Thread 0x000000001722e800   43       3       java.lang.String::indexOf (166 bytes)
Event: 0.143 Thread 0x000000001722e800 nmethod 43 0x000000000275a210 code [0x000000000275a3c0, 0x000000000275aa10]
Event: 0.143 Thread 0x000000001722e800   44       3       java.io.WinNTFileSystem::normalize (143 bytes)
Event: 0.144 Thread 0x000000001722e800 nmethod 44 0x000000000275ae10 code [0x000000000275b000, 0x000000000275b888]
Event: 0.146 Thread 0x000000001722e800   45       3       java.lang.AbstractStringBuilder::expandCapacity (50 bytes)
Event: 0.147 Thread 0x000000001722e800 nmethod 45 0x000000000275bc90 code [0x000000000275be40, 0x000000000275c3b8]

GC Heap History (0 events):
No events

Deoptimization events (0 events):
No events

Internal exceptions (6 events):
Event: 0.043 Thread 0x0000000002542800 Exception <a 'java/lang/NoSuchMethodError': Method sun.misc.Unsafe.defineClass(Ljava/lang/String;[BII)Ljava/lang/Class; name or signature does not match> (0x00000000d5987cc0) thrown at [D:\re\workspace\8-2-build-windows-amd64-cygwin\jdk8u77\6540\hotspot\sr³£#²p,¦?
Event: 0.043 Thread 0x0000000002542800 Exception <a 'java/lang/NoSuchMethodError': Method sun.misc.Unsafe.prefetchRead(Ljava/lang/Object;J)V name or signature does not match> (0x00000000d5987fa8) thrown at [D:\re\workspace\8-2-build-windows-amd64-cygwin\jdk8u77\6540\hotspot\src\share\vm\prims\j°¤4«f»@
Event: 4.433 Thread 0x0000000002542800 Exception <a 'java/security/PrivilegedActionException'> (0x00000000d5b8e4c0) thrown at [D:\re\workspace\8-2-build-windows-amd64-cygwin\jdk8u77\6540\hotspot\src\share\vm\prims\jvm.cpp, line 1386]
Event: 4.433 Thread 0x0000000002542800 Exception <a 'java/security/PrivilegedActionException'> (0x00000000d5b8e8b8) thrown at [D:\re\workspace\8-2-build-windows-amd64-cygwin\jdk8u77\6540\hotspot\src\share\vm\prims\jvm.cpp, line 1386]
Event: 4.437 Thread 0x0000000002542800 Exception <a 'java/security/PrivilegedActionException'> (0x00000000d5b928e8) thrown at [D:\re\workspace\8-2-build-windows-amd64-cygwin\jdk8u77\6540\hotspot\src\share\vm\prims\jvm.cpp, line 1386]
Event: 4.437 Thread 0x0000000002542800 Exception <a 'java/security/PrivilegedActionException'> (0x00000000d5b92ce0) thrown at [D:\re\workspace\8-2-build-windows-amd64-cygwin\jdk8u77\6540\hotspot\src\share\vm\prims\jvm.cpp, line 1386]

Events (10 events):
Event: 337.885 Executing VM operation: ChangeBreakpoints
Event: 337.885 Executing VM operation: ChangeBreakpoints done
Event: 372.287 Executing VM operation: ChangeBreakpoints
Event: 372.287 Executing VM operation: ChangeBreakpoints done
Event: 373.744 Executing VM operation: ChangeBreakpoints
Event: 373.744 Executing VM operation: ChangeBreakpoints done
Event: 443.524 Executing VM operation: ChangeBreakpoints
Event: 443.524 Executing VM operation: ChangeBreakpoints done
Event: 446.000 Executing VM operation: RedefineClasses
Event: 446.000 Executing VM operation: RedefineClasses done


Dynamic libraries:
0x00007ff6f7230000 - 0x00007ff6f7267000 	C:\Program Files\Java\jdk1.8.0_77\bin\java.exe
0x00007ffb5d630000 - 0x00007ffb5d7f1000 	C:\WINDOWS\SYSTEM32\ntdll.dll
0x00007ffb5c210000 - 0x00007ffb5c2bd000 	C:\WINDOWS\system32\KERNEL32.DLL
0x00007ffb59d60000 - 0x00007ffb59f48000 	C:\WINDOWS\system32\KERNELBASE.dll
0x00007ffb5d370000 - 0x00007ffb5d417000 	C:\WINDOWS\system32\ADVAPI32.dll
0x00007ffb5c5e0000 - 0x00007ffb5c67d000 	C:\WINDOWS\system32\msvcrt.dll
0x00007ffb5c2c0000 - 0x00007ffb5c31b000 	C:\WINDOWS\system32\sechost.dll
0x00007ffb5d420000 - 0x00007ffb5d53c000 	C:\WINDOWS\system32\RPCRT4.dll
0x00007ffb5ce80000 - 0x00007ffb5cfd6000 	C:\WINDOWS\system32\USER32.dll
0x00007ffb5c790000 - 0x00007ffb5c916000 	C:\WINDOWS\system32\GDI32.dll
0x00007ffb4eba0000 - 0x00007ffb4ee14000 	C:\WINDOWS\WinSxS\amd64_microsoft.windows.common-controls_6595b64144ccf1df_6.0.10586.494_none_a2d8b04ea53e3145\COMCTL32.dll
0x00007ffb5c320000 - 0x00007ffb5c59d000 	C:\WINDOWS\system32\combase.dll
0x00007ffb5a990000 - 0x00007ffb5a9fa000 	C:\WINDOWS\system32\bcryptPrimitives.dll
0x00007ffb5c5a0000 - 0x00007ffb5c5db000 	C:\WINDOWS\system32\IMM32.DLL
0x0000000058860000 - 0x0000000058932000 	C:\Program Files\Java\jdk1.8.0_77\jre\bin\msvcr100.dll
0x0000000057fd0000 - 0x0000000058860000 	C:\Program Files\Java\jdk1.8.0_77\jre\bin\server\jvm.dll
0x00007ffb5d1b0000 - 0x00007ffb5d1b8000 	C:\WINDOWS\system32\PSAPI.DLL
0x00007ffb4bda0000 - 0x00007ffb4bda9000 	C:\WINDOWS\SYSTEM32\WSOCK32.dll
0x00007ffb58240000 - 0x00007ffb58263000 	C:\WINDOWS\SYSTEM32\WINMM.dll
0x00007ffb5cfe0000 - 0x00007ffb5d04b000 	C:\WINDOWS\system32\WS2_32.dll
0x00007ffb4c3a0000 - 0x00007ffb4c3aa000 	C:\WINDOWS\SYSTEM32\VERSION.dll
0x00007ffb58020000 - 0x00007ffb5804c000 	C:\WINDOWS\SYSTEM32\WINMMBASE.dll
0x00007ffb5a230000 - 0x00007ffb5a273000 	C:\WINDOWS\system32\cfgmgr32.dll
0x0000000058c60000 - 0x0000000058c6f000 	C:\Program Files\Java\jdk1.8.0_77\jre\bin\verify.dll
0x0000000058c30000 - 0x0000000058c59000 	C:\Program Files\Java\jdk1.8.0_77\jre\bin\java.dll
0x0000000057d50000 - 0x0000000057d85000 	C:\Program Files\Java\jdk1.8.0_77\jre\bin\jdwp.dll
0x0000000058be0000 - 0x0000000058be8000 	C:\Program Files\Java\jdk1.8.0_77\jre\bin\npt.dll
0x0000000058c10000 - 0x0000000058c26000 	C:\Program Files\Java\jdk1.8.0_77\jre\bin\zip.dll
0x00007ffb5aa90000 - 0x00007ffb5bfec000 	C:\WINDOWS\system32\SHELL32.dll
0x00007ffb5a280000 - 0x00007ffb5a8c5000 	C:\WINDOWS\system32\windows.storage.dll
0x00007ffb5d1c0000 - 0x00007ffb5d212000 	C:\WINDOWS\system32\shlwapi.dll
0x00007ffb5aa60000 - 0x00007ffb5aa6f000 	C:\WINDOWS\system32\kernel.appcore.dll
0x00007ffb5a8d0000 - 0x00007ffb5a985000 	C:\WINDOWS\system32\shcore.dll
0x00007ffb59c50000 - 0x00007ffb59c9b000 	C:\WINDOWS\system32\powrprof.dll
0x00007ffb59cb0000 - 0x00007ffb59cc4000 	C:\WINDOWS\system32\profapi.dll
0x0000000057fc0000 - 0x0000000057fc9000 	C:\Program Files\Java\jdk1.8.0_77\jre\bin\dt_socket.dll
0x00007ffb59580000 - 0x00007ffb595dc000 	C:\WINDOWS\system32\mswsock.dll
0x00007ffb483e0000 - 0x00007ffb4856c000 	C:\WINDOWS\SYSTEM32\dbghelp.dll

VM Arguments:
jvm_args: -agentlib:jdwp=transport=dt_socket,address=127.0.0.1:54739,suspend=y,server=n -Dfile.encoding=UTF-8 
java_command: br.inf.ufg.sempreufg.cli.ImportarEgressos
java_class_path (initial): C:\Program Files\Java\jdk1.8.0_77\jre\lib\charsets.jar;C:\Program Files\Java\jdk1.8.0_77\jre\lib\deploy.jar;C:\Program Files\Java\jdk1.8.0_77\jre\lib\ext\access-bridge-64.jar;C:\Program Files\Java\jdk1.8.0_77\jre\lib\ext\cldrdata.jar;C:\Program Files\Java\jdk1.8.0_77\jre\lib\ext\dnsns.jar;C:\Program Files\Java\jdk1.8.0_77\jre\lib\ext\jaccess.jar;C:\Program Files\Java\jdk1.8.0_77\jre\lib\ext\jfxrt.jar;C:\Program Files\Java\jdk1.8.0_77\jre\lib\ext\localedata.jar;C:\Program Files\Java\jdk1.8.0_77\jre\lib\ext\nashorn.jar;C:\Program Files\Java\jdk1.8.0_77\jre\lib\ext\sunec.jar;C:\Program Files\Java\jdk1.8.0_77\jre\lib\ext\sunjce_provider.jar;C:\Program Files\Java\jdk1.8.0_77\jre\lib\ext\sunmscapi.jar;C:\Program Files\Java\jdk1.8.0_77\jre\lib\ext\sunpkcs11.jar;C:\Program Files\Java\jdk1.8.0_77\jre\lib\ext\zipfs.jar;C:\Program Files\Java\jdk1.8.0_77\jre\lib\javaws.jar;C:\Program Files\Java\jdk1.8.0_77\jre\lib\jce.jar;C:\Program Files\Java\jdk1.8.0_77\jre\lib\jfr.jar;C:\Program Files\Java\jdk1.8.0_77\jre\lib\jfxswt.jar;C:\Program Files\Java\jdk1.8.0_77\jre\lib\jsse.jar;C:\Program Files\Java\jdk1.8.0_77\jre\lib\management-agent.jar;C:\Program Files\Java\jdk1.8.0_77\jre\lib\plugin.jar;C:\Program Files\Java\jdk1.8.0_77\jre\lib\resources.jar;C:\Program Files\Java\jdk1.8.0_77\jre\lib\rt.jar;C:\Users\marco_000\git\SempreUFG\target;C:\Users\marco_000\git\SempreUFG\driver\postgresql-9.4.1209.jre6.jar;C:\Program Files (x86)\JetBrains\IntelliJ IDEA 2016.1.3\lib\idea_rt.jar
Launcher Type: SUN_STANDARD

Environment Variables:
JAVA_HOME=C:\Program Files\Java\jdk1.8.0_77
PATH=C:\Program Files (x86)\Embarcadero\Studio\17.0\bin;C:\Users\Public\Documents\Embarcadero\Studio\17.0\Bpl;C:\Program Files (x86)\Embarcadero\Studio\17.0\bin64;C:\Users\Public\Documents\Embarcadero\Studio\17.0\Bpl\Win64;C:\ProgramData\Oracle\Java\javapath;C:\Program Files (x86)\Intel\iCLS Client\;C:\Program Files\Intel\iCLS Client\;C:\WINDOWS\system32;C:\WINDOWS;C:\WINDOWS\System32\Wbem;C:\WINDOWS\System32\WindowsPowerShell\v1.0\;C:\Program Files (x86)\ATI Technologies\ATI.ACE\Core-Static;C:\Program Files (x86)\Intel\OpenCL SDK\2.0\bin\x86;C:\Program Files (x86)\Intel\OpenCL SDK\2.0\bin\x64;C:\Program Files\Intel\WiFi\bin\;C:\Program Files\Common Files\Intel\WirelessCommon\;C:\Program Files\Intel\Intel(R) Management Engine Components\DAL;C:\Program Files\Intel\Intel(R) Management Engine Components\IPT;C:\Program Files (x86)\Intel\Intel(R) Management Engine Components\DAL;C:\Program Files (x86)\Intel\Intel(R) Management Engine Components\IPT;C:\Program Files\Java\jdk1.8.0_77\bin;C:\MinGW\bin;C:\Program Files (x86)\Windows Kits\10\Windows Performance Toolkit\;C:\SQLite3;C:\Apache Maven\bin;C:\Program Files\MiKTeX 2.9\miktex\bin\x64\;C:\Program Files (x86)\MiKTeX 2.9\miktex\bin\;C:\Users\marco_000\AppData\Local\GitHub\0mwkhwf5.kaj.deleteme\mingw32\libexec\git-core;C:\Users\marco_000\AppData\Local\GitHub;C:\Program Files\MongoDB\Server\3.2\bin;C:\Program Files\Intel\WiFi\bin\;C:\Program Files\Common Files\Intel\WirelessCommon\;C:\Program Files (x86)\MikTex\miktex\bin\
USERNAME=marco_000
OS=Windows_NT
PROCESSOR_IDENTIFIER=Intel64 Family 6 Model 42 Stepping 7, GenuineIntel



---------------  S Y S T E M  ---------------

OS: Windows 10.0 , 64 bit Build 10586 (10.0.10586.0)

CPU:total 4 (2 cores per cpu, 2 threads per core) family 6 model 42 stepping 7, cmov, cx8, fxsr, mmx, sse, sse2, sse3, ssse3, sse4.1, sse4.2, popcnt, avx, aes, clmul, ht, tsc, tscinvbit

Memory: 4k page, physical 8335212k(2365856k free), swap 10625764k(1651612k free)

vm_info: Java HotSpot(TM) 64-Bit Server VM (25.77-b03) for windows-amd64 JRE (1.8.0_77-b03), built on Mar 20 2016 22:01:33 by "java_re" with MS VC++ 10.0 (VS2010)

time: Tue Jul 19 11:00:48 2016
elapsed time: 446 seconds (0d 0h 7m 26s)

